<?xml version="1.0" encoding="UTF-8"?>
<!-- Generated by org.testng.reporters.JUnitReportReporter -->
<testsuite skipped="0" hostname="DESKTOP-ANM85HS" name="MyFirstMavenProjectDemo.MyFirstMavenProjectDemo.Test_QAClick" tests="2" failures="0" timestamp="11 Feb 2020 10:19:43 GMT" time="1.443" errors="0">
  <testcase name="test" time="1.430" classname="MyFirstMavenProjectDemo.MyFirstMavenProjectDemo.Test_QAClick"/>
  <testcase name="Test" time="0.013" classname="MyFirstMavenProjectDemo.MyFirstMavenProjectDemo.Test_QAClick"/>
</testsuite> <!-- MyFirstMavenProjectDemo.MyFirstMavenProjectDemo.Test_QAClick -->
