<?xml version="1.0" encoding="UTF-8"?>
<!-- Generated by org.testng.reporters.JUnitReportReporter -->
<testsuite skipped="0" hostname="DESKTOP-ANM85HS" name="MyFirstMavenProjectDemo.MyFirstMavenProjectDemo.Test_QAClick" tests="2" failures="0" timestamp="2020-03-30T15:51:55 IST" time="1.682" errors="0">
  <testcase name="test" time="1.666" classname="MyFirstMavenProjectDemo.MyFirstMavenProjectDemo.Test_QAClick"/>
  <system-out/>
  <testcase name="Test" time="0.016" classname="MyFirstMavenProjectDemo.MyFirstMavenProjectDemo.Test_QAClick"/>
  <system-out/>
</testsuite> <!-- MyFirstMavenProjectDemo.MyFirstMavenProjectDemo.Test_QAClick -->
